{"/Users/besartshyti/Desktop/testing/ctrl/user.js":{"path":"/Users/besartshyti/Desktop/testing/ctrl/user.js","s":{"1":1,"2":1,"3":1,"4":1,"5":1,"6":0,"7":1,"8":1},"b":{"1":[0,1]},"f":{"1":1,"2":1},"fnMap":{"1":{"name":"(anonymous_1)","line":5,"loc":{"start":{"line":5,"column":11},"end":{"line":5,"column":28}}},"2":{"name":"(anonymous_2)","line":8,"loc":{"start":{"line":8,"column":7},"end":{"line":8,"column":26}}}},"statementMap":{"1":{"start":{"line":1,"column":0},"end":{"line":1,"column":38}},"2":{"start":{"line":3,"column":0},"end":{"line":3,"column":14}},"3":{"start":{"line":5,"column":0},"end":{"line":14,"column":2}},"4":{"start":{"line":7,"column":1},"end":{"line":13,"column":4}},"5":{"start":{"line":9,"column":2},"end":{"line":11,"column":3}},"6":{"start":{"line":10,"column":3},"end":{"line":10,"column":25}},"7":{"start":{"line":12,"column":2},"end":{"line":12,"column":17}},"8":{"start":{"line":16,"column":0},"end":{"line":16,"column":22}}},"branchMap":{"1":{"line":9,"type":"if","locations":[{"start":{"line":9,"column":2},"end":{"line":9,"column":2}},{"start":{"line":9,"column":2},"end":{"line":9,"column":2}}]}}},"/Users/besartshyti/Desktop/testing/ctrl/inject.js":{"path":"/Users/besartshyti/Desktop/testing/ctrl/inject.js","s":{"1":1,"2":1,"3":1},"b":{},"f":{"1":1},"fnMap":{"1":{"name":"(anonymous_1)","line":2,"loc":{"start":{"line":2,"column":6},"end":{"line":2,"column":18}}}},"statementMap":{"1":{"start":{"line":1,"column":0},"end":{"line":6,"column":2}},"2":{"start":{"line":3,"column":2},"end":{"line":3,"column":26}},"3":{"start":{"line":4,"column":2},"end":{"line":4,"column":24}}},"branchMap":{}}}